\BOOKMARK [0][-]{chapter*.3}{\376\377\000G\000e\000n\000d\000e\000r\000,\000\040\000R\000a\000c\000e\000\040\000a\000n\000d\000\040\000P\000o\000w\000e\000r\000\040\000i\000n\000\040\000M\000u\000s\000i\000c\000:\000\040\000F\000r\000o\000m\000\040\000S\000t\000a\000g\000e\000\040\000t\000o\000\040\000S\000o\000c\000i\000e\000t\000y}{}% 1
\BOOKMARK [1][-]{section*.4}{\376\377\000A\000b\000s\000t\000r\000a\000c\000t}{chapter*.3}% 2
\BOOKMARK [0][-]{chapter*.5}{\376\377\000I\000d\000e\000a\000s}{}% 3
\BOOKMARK [1][-]{section*.6}{\376\377\000g\000r\000a\000p\000h\000s}{chapter*.5}% 4
\BOOKMARK [2][-]{section*.7}{\376\377\000b\000o\000u\000r\000d\000i\000e\000u\000\040\000c\000h\000a\000r\000t\000s}{section*.6}% 5
\BOOKMARK [1][-]{section*.8}{\376\377\000S\000o\000c\000i\000o\000l\000o\000g\000y\000\040\000o\000f\000\040\000M\000u\000s\000i\000c\000\040\000s\000y\000n\000c}{chapter*.5}% 6
\BOOKMARK [2][-]{section*.9}{\376\377\000o\000x\000f\000o\000r\000d\000-\000b\000i\000b\000l\000i\000o\000g\000r\000a\000p\000h\000i\000e\000s\000-\000s\000o\000c\000-\000m\000u\000s}{section*.8}% 7
\BOOKMARK [2][-]{section*.10}{\376\377\000w\000h\000a\000t\000\040\000i\000s\000\040\000s\000o\000c\000i\000o\000l\000o\000g\000i\000c\000a\000l\000\040\000a\000b\000o\000u\000t\000\040\000m\000u\000s\000i\000c\000?\000\040\000W\000i\000l\000l\000i\000a\000m\000\040\000G\000.\000\040\000R\000o\000y}{section*.8}% 8
\BOOKMARK [1][-]{section*.11}{\376\377\000E\000c\000o\000n\000o\000m\000i\000c\000s\000\040\000o\000f\000\040\000A\000i\000x\000-\000e\000n\000-\000P\000r\000o\000v\000e\000n\000c\000e\000\040\000F\000e\000s\000t\000i\000v\000a\000l}{chapter*.5}% 9
\BOOKMARK [1][-]{section*.12}{\376\377\000S\000o\000c\000i\000o\000l\000o\000g\000y\000\040\000o\000f\000\040\000c\000u\000l\000t\000u\000r\000e}{chapter*.5}% 10
\BOOKMARK [1][-]{section*.13}{\376\377\000S\000o\000c\000i\000o\000l\000o\000g\000y\000\040\000o\000f\000\040\000g\000e\000n\000d\000e\000r}{chapter*.5}% 11
\BOOKMARK [1][-]{section*.14}{\376\377\000F\000r\000o\000m\000\040\000S\000t\000a\000g\000e\000\040\000t\000o\000\040\000S\000o\000c\000i\000e\000t\000y\000:\000\040\000O\000p\000e\000r\000a\000\040\000a\000s\000\040\000S\000o\000c\000i\000a\000l\000\040\000C\000r\000i\000t\000i\000q\000u\000e\000:\000\040\000B\000r\000e\000c\000h\000t\000/\000W\000e\000i\000l\000l\000\040\000a\000n\000d\000\040\000O\000f\000f\000e\000n\000b\000a\000c\000h}{chapter*.5}% 12
\BOOKMARK [2][-]{section*.15}{\376\377\000R\000i\000s\000e\000\040\000a\000n\000d\000\040\000F\000a\000l\000l\000\040\000o\000f\000\040\000t\000h\000e\000\040\000C\000i\000t\000y\000\040\000o\000f\000\040\000M\000a\000h\000a\000g\000o\000n\000n\000y\000\040\000-\000\040\000B\000r\000e\000c\000h\000t\000\040\000K\000u\000r\000t\000\040\000W\000e\000i\000l\000l}{section*.14}% 13
\BOOKMARK [1][-]{section*.16}{\376\377\000M\000i\000s\000c\000e\000l\000l\000a\000n\000e\000o\000u\000s}{chapter*.5}% 14
\BOOKMARK [1][-]{section*.17}{\376\377\000o\000t\000h\000e\000r\000\040\000a\000b\000s\000t\000r\000a\000c\000t\000s\000?}{chapter*.5}% 15
\BOOKMARK [2][-]{section*.18}{\376\377\000G\000e\000n\000d\000e\000r\000,\000\040\000R\000a\000c\000e\000,\000\040\000a\000n\000d\000\040\000P\000o\000w\000e\000r\000\040\000i\000n\000\040\000M\000u\000s\000i\000c\000:\000\040\000F\000r\000o\000m\000\040\000S\000t\000a\000g\000e\000\040\000t\000o\000\040\000S\000o\000c\000i\000e\000t\000y}{section*.17}% 16
\BOOKMARK [2][-]{section*.19}{\376\377\000G\000e\000n\000d\000e\000r\000\040\000a\000n\000d\000\040\000P\000o\000w\000e\000r\000\040\000i\000n\000\040\000M\000u\000s\000i\000c\000:\000\040\000F\000r\000o\000m\000\040\000S\000t\000a\000g\000e\000\040\000t\000o\000\040\000S\000o\000c\000i\000e\000t\000y}{section*.17}% 17
\BOOKMARK [2][-]{section*.20}{\376\377\000C\000u\000l\000t\000u\000r\000a\000l\000\040\000V\000o\000i\000c\000e\000s\000:\000\040\000G\000e\000n\000d\000e\000r\000\040\000a\000n\000d\000\040\000S\000t\000o\000r\000y\000t\000e\000l\000l\000i\000n\000g\000\040\000i\000n\000\040\000M\000u\000s\000i\000c\000\040\000a\000n\000d\000\040\000M\000e\000d\000i\000a}{section*.17}% 18
\BOOKMARK [2][-]{section*.21}{\376\377\000M\000u\000s\000i\000c\000,\000\040\000I\000d\000e\000n\000t\000i\000t\000y\000,\000\040\000a\000n\000d\000\040\000t\000h\000e\000\040\000P\000o\000l\000i\000t\000i\000c\000s\000\040\000o\000f\000\040\000P\000e\000r\000f\000o\000r\000m\000a\000n\000c\000e}{section*.17}% 19
\BOOKMARK [2][-]{section*.22}{\376\377\000S\000t\000a\000g\000i\000n\000g\000\040\000P\000o\000w\000e\000r\000:\000\040\000A\000\040\000H\000i\000s\000t\000o\000r\000y\000\040\000o\000f\000\040\000P\000o\000l\000i\000t\000i\000c\000a\000l\000\040\000E\000x\000p\000r\000e\000s\000s\000i\000o\000n\000\040\000i\000n\000\040\000M\000u\000s\000i\000c\000\040\000a\000n\000d\000\040\000T\000h\000e\000a\000t\000r\000e}{section*.17}% 20
\BOOKMARK [2][-]{section*.23}{\376\377\000G\000e\000n\000d\000e\000r\000\040\000a\000n\000d\000\040\000P\000o\000w\000e\000r\000\040\000i\000n\000\040\000M\000u\000s\000i\000c\000:\000\040\000F\000r\000o\000m\000\040\000S\000t\000a\000g\000e\000\040\000t\000o\000\040\000S\000o\000c\000i\000e\000t\000y}{section*.17}% 21
\BOOKMARK [2][-]{section*.24}{\376\377\000G\000e\000n\000d\000e\000r\000\040\000a\000n\000d\000\040\000P\000o\000w\000e\000r\000\040\000i\000n\000\040\000M\000u\000s\000i\000c\000:\000\040\000F\000r\000o\000m\000\040\000S\000t\000a\000g\000e\000\040\000t\000o\000\040\000S\000o\000c\000i\000e\000t\000y\000\040\000I\000I}{section*.17}% 22
\BOOKMARK [2][-]{section*.25}{\376\377\000O\000p\000e\000r\000a\000\040\000a\000n\000d\000\040\000B\000e\000y\000o\000n\000d\000:\000\040\000G\000e\000n\000d\000e\000r\000,\000\040\000P\000e\000r\000f\000o\000r\000m\000a\000n\000c\000e\000,\000\040\000a\000n\000d\000\040\000P\000o\000w\000e\000r}{section*.17}% 23
\BOOKMARK [1][-]{section*.26}{\376\377\000d\000a\000t\000a}{chapter*.5}% 24
\BOOKMARK [0][-]{chapter*.27}{\376\377\000S\000o\000c\000i\000o\000l\000o\000g\000y}{}% 25
\BOOKMARK [1][-]{section*.28}{\376\377\000S\000o\000m\000e\000\040\000s\000o\000c\000i\000o\000l\000o\000g\000i\000s\000t\000s\000\040\000\050\000o\000f\000\040\000c\000u\000l\000t\000u\000r\000e\000\051}{chapter*.27}% 26
\BOOKMARK [2][-]{section*.29}{\376\377\000S\000w\000i\000d\000l\000e\000r}{section*.28}% 27
\BOOKMARK [2][-]{section*.30}{\376\377\000G\000e\000e\000r\000t\000z}{section*.28}% 28
\BOOKMARK [2][-]{section*.31}{\376\377\000H\000a\000r\000v\000e\000y\000\040\000M\000o\000l\000o\000t\000c\000h\000\040\000-\000\040\000N\000Y\000U}{section*.28}% 29
\BOOKMARK [2][-]{section*.33}{\376\377\000S\000o\000c\000i\000o\000l\000o\000g\000y\000\040\000F\000a\000t\000h\000e\000r}{section*.28}% 30
\BOOKMARK [2][-]{section*.34}{\376\377\000H\000a\000r\000v\000a\000r\000d\000\040\000P\000a\000w\000a\000n\000\040\000D\000h\000i\000n\000g\000r\000a}{section*.28}% 31
\BOOKMARK [1][-]{section*.35}{\376\377\000B\000o\000u\000r\000d\000i\000e\000u}{chapter*.27}% 32
\BOOKMARK [2][-]{section*.36}{\376\377\000C\000u\000l\000t\000u\000r\000a\000l\000\040\000m\000i\000s\000e\000r\000y\000?}{section*.35}% 33
\BOOKMARK [2][-]{section*.37}{\376\377\000B\000o\000u\000r\000d\000i\000e\000u\000\040\000b\000i\000l\000i\000n\000g\000u\000a\000l}{section*.35}% 34
\BOOKMARK [2][-]{section*.38}{\376\377\000P\000o\000l\000i\000t\000i\000c\000s\000\040\000o\000f\000\040\000t\000a\000s\000t\000e}{section*.35}% 35
\BOOKMARK [2][-]{section*.39}{\376\377\000A\000d\000o\000r\000n\000o\000\040\000o\000n\000\040\000c\000u\000l\000t\000u\000r\000e\000\040\000i\000n\000d\000u\000s\000t\000r\000y}{section*.35}% 36
\BOOKMARK [2][-]{section*.40}{\376\377\000E\000t\000h\000n\000o\000m\000u\000s\000i\000c\000o\000l\000o\000g\000y}{section*.35}% 37
\BOOKMARK [1][-]{section*.42}{\376\377\000i\000d\000e\000n\000t\000i\000t\000y\000\040\000-\000\040\000t\000r\000a\000v\000e\000s\000t\000i}{chapter*.27}% 38
\BOOKMARK [1][-]{section*.43}{\376\377\000m\000e\000d\000i\000e\000v\000a\000l\000\040\000m\000y\000s\000t\000e\000r\000y\000\040\000p\000l\000a\000y}{chapter*.27}% 39
\BOOKMARK [0][-]{chapter*.44}{\376\377\000C\000u\000l\000t\000u\000r\000a\000l\000\040\000s\000t\000u\000d\000i\000e\000s}{}% 40
\BOOKMARK [1][-]{section*.45}{\376\377\000I\000n\000t\000r\000o\000d\000u\000c\000t\000i\000o\000n\000:\000\040\000D\000e\000f\000i\000n\000i\000n\000g\000\040\000t\000h\000e\000\040\000F\000i\000e\000l\000d}{chapter*.44}% 41
\BOOKMARK [1][-]{section*.46}{\376\377\000C\000o\000r\000e\000\040\000C\000h\000a\000r\000a\000c\000t\000e\000r\000i\000s\000t\000i\000c\000s\000\040\000\046\000\040\000P\000r\000i\000n\000c\000i\000p\000l\000e\000s}{chapter*.44}% 42
\BOOKMARK [2][-]{section*.47}{\376\377\000I\000n\000t\000e\000r\000d\000i\000s\000c\000i\000p\000l\000i\000n\000a\000r\000y\000\040\000N\000a\000t\000u\000r\000e}{section*.46}% 43
\BOOKMARK [2][-]{section*.48}{\376\377\000P\000o\000l\000i\000t\000i\000c\000a\000l\000\040\000C\000o\000m\000m\000i\000t\000m\000e\000n\000t\000\040\000\046\000\040\000C\000r\000i\000t\000i\000c\000a\000l\000\040\000S\000t\000a\000n\000c\000e}{section*.46}% 44
\BOOKMARK [1][-]{section*.49}{\376\377\000K\000e\000y\000\040\000T\000h\000e\000o\000r\000e\000t\000i\000c\000a\000l\000\040\000C\000o\000n\000c\000e\000p\000t\000s}{chapter*.44}% 45
\BOOKMARK [2][-]{section*.50}{\376\377\000F\000u\000n\000d\000a\000m\000e\000n\000t\000a\000l\000\040\000B\000i\000n\000a\000r\000i\000e\000s\000\040\000\046\000\040\000T\000h\000e\000i\000r\000\040\000D\000e\000c\000o\000n\000s\000t\000r\000u\000c\000t\000i\000o\000n}{section*.49}% 46
\BOOKMARK [2][-]{section*.51}{\376\377\000C\000e\000n\000t\000r\000a\000l\000\040\000T\000h\000e\000o\000r\000e\000t\000i\000c\000a\000l\000\040\000F\000r\000a\000m\000e\000w\000o\000r\000k\000s}{section*.49}% 47
\BOOKMARK [1][-]{section*.55}{\376\377\000M\000a\000j\000o\000r\000\040\000S\000c\000h\000o\000o\000l\000s\000\040\000\046\000\040\000T\000h\000i\000n\000k\000e\000r\000s}{chapter*.44}% 48
\BOOKMARK [2][-]{section*.56}{\376\377\000T\000h\000e\000\040\000B\000i\000r\000m\000i\000n\000g\000h\000a\000m\000\040\000S\000c\000h\000o\000o\000l\000\040\000\050\000C\000C\000C\000S\000\051}{section*.55}% 49
\BOOKMARK [2][-]{section*.57}{\376\377\000K\000e\000y\000\040\000T\000h\000e\000o\000r\000e\000t\000i\000c\000a\000l\000\040\000I\000n\000f\000l\000u\000e\000n\000c\000e\000s}{section*.55}% 50
\BOOKMARK [1][-]{section*.58}{\376\377\000M\000e\000t\000h\000o\000d\000o\000l\000o\000g\000i\000c\000a\000l\000\040\000A\000p\000p\000r\000o\000a\000c\000h\000e\000s}{chapter*.44}% 51
\BOOKMARK [2][-]{section*.59}{\376\377\000T\000e\000x\000t\000u\000a\000l\000\040\000A\000n\000a\000l\000y\000s\000i\000s}{section*.58}% 52
\BOOKMARK [2][-]{section*.60}{\376\377\000E\000t\000h\000n\000o\000g\000r\000a\000p\000h\000y\000\040\000\046\000\040\000A\000u\000d\000i\000e\000n\000c\000e\000\040\000S\000t\000u\000d\000i\000e\000s}{section*.58}% 53
\BOOKMARK [2][-]{section*.61}{\376\377\000H\000i\000s\000t\000o\000r\000i\000c\000a\000l\000\040\000M\000a\000t\000e\000r\000i\000a\000l\000i\000s\000m}{section*.58}% 54
\BOOKMARK [2][-]{section*.62}{\376\377\000D\000i\000s\000c\000o\000u\000r\000s\000e\000\040\000A\000n\000a\000l\000y\000s\000i\000s}{section*.58}% 55
\BOOKMARK [1][-]{section*.63}{\376\377\000C\000o\000n\000c\000l\000u\000s\000i\000o\000n\000:\000\040\000W\000h\000y\000\040\000C\000u\000l\000t\000u\000r\000a\000l\000\040\000S\000t\000u\000d\000i\000e\000s\000\040\000M\000a\000t\000t\000e\000r\000s}{chapter*.44}% 56
\BOOKMARK [0][-]{chapter*.64}{\376\377\000T\000e\000d\000\040\000a\000n\000d\000\040\000F\000r\000i\000e\000n\000d\000s}{}% 57
\BOOKMARK [1][-]{section*.65}{\376\377\000T\000e\000d\000\040\000H\000u\000f\000f\000m\000a\000n}{chapter*.64}% 58
\BOOKMARK [1][-]{section*.66}{\376\377\000B\000a\000k\000e\000r\000\040\000-\000\040\000V\000e\000n\000a\000b\000l\000e\000s}{chapter*.64}% 59
\BOOKMARK [1][-]{section*.67}{\376\377\000B\000a\000k\000e\000r\000/\000H\000u\000f\000f\000m\000a\000n}{chapter*.64}% 60
\BOOKMARK [2][-]{section*.68}{\376\377\000L\000i\000g\000h\000t\000h\000o\000u\000s\000e}{section*.67}% 61
\BOOKMARK [2][-]{section*.69}{\376\377\0004\000.\0004\0008}{section*.67}% 62
\BOOKMARK [1][-]{section*.70}{\376\377\000V\000e\000n\000a\000b\000l\000e\000s\000/\000H\000u\000f\000f\000m\000a\000n}{chapter*.64}% 63
\BOOKMARK [2][-]{section*.71}{\376\377\0004\000.\0004\0008\000\040\000P\000s\000y\000c\000h\000o\000s\000i\000s}{section*.70}% 64
\BOOKMARK [2][-]{section*.72}{\376\377\000T\000h\000e\000\040\000F\000a\000g\000o\000t\000s\000\040\000a\000n\000d\000\040\000t\000h\000e\000i\000r\000\040\000f\000r\000i\000e\000n\000d\000s}{section*.70}% 65
\BOOKMARK [2][-]{section*.73}{\376\377\000W\000e\000\040\000a\000r\000e\000\040\000t\000h\000e\000\040\000l\000u\000c\000k\000y\000\040\000o\000n\000e\000s}{section*.70}% 66
\BOOKMARK [2][-]{section*.74}{\376\377\000D\000e\000n\000i\000s\000\040\000a\000n\000d\000\040\000K\000a\000t\000i\000a}{section*.70}% 67
\BOOKMARK [0][-]{chapter*.75}{\376\377\000E\000l\000e\000m\000e\000n\000t\000s\000\040\000o\000f\000\040\000r\000e\000a\000d\000i\000n\000g\000\040\000l\000i\000s\000t\000/\000b\000i\000b\000l\000i\000o\000g\000r\000a\000p\000h\000y}{}% 68
\BOOKMARK [1][-]{section*.76}{\376\377\000G\000e\000n\000e\000r\000a\000l}{chapter*.75}% 69
\BOOKMARK [1][-]{section*.77}{\376\377\000S\000y\000l\000l\000a\000b\000u\000s}{chapter*.75}% 70
