This is pdfTeX, Version 3.141592653-2.6-1.40.25 (MiKTeX 24.1) (preloaded format=pdflatex 2024.12.28)  5 JAN 2026 10:04
entering extended mode
 restricted \write18 enabled.
 %&-line parsing enabled.
**c:/Users/HUIWEI/Documents/latex/Gender__Race_and_Power_in_Music__From_Stage_to_Society__SOC_HIS_/draft.tex
(c:/Users/HUIWEI/Documents/latex/Gender__Race_and_Power_in_Music__From_Stage_to_Society__SOC_HIS_/draft.tex
LaTeX2e <2023-11-01> patch level 1
L3 programming layer <2024-01-04>
(C:\Users\HUIWEI\AppData\Local\Programs\MiKTeX\tex/latex/base\book.cls
Document Class: book 2023/05/17 v1.4n Standard LaTeX document class
(C:\Users\HUIWEI\AppData\Local\Programs\MiKTeX\tex/latex/base\bk12.clo
File: bk12.clo 2023/05/17 v1.4n Standard LaTeX file (size option)
)
\c@part=\count187
\c@chapter=\count188
\c@section=\count189
\c@subsection=\count190
\c@subsubsection=\count191
\c@paragraph=\count192
\c@subparagraph=\count193
\c@figure=\count194
\c@table=\count195
\abovecaptionskip=\skip48
\belowcaptionskip=\skip49
\bibindent=\dimen140
) (C:\Users\HUIWEI\AppData\Local\Programs\MiKTeX\tex/latex/setspace\setspace.sty
Package: setspace 2022/12/04 v6.7b set line spacing
) (C:\Users\HUIWEI\AppData\Local\Programs\MiKTeX\tex/latex/graphics\graphicx.sty
Package: graphicx 2021/09/16 v1.2d Enhanced LaTeX Graphics (DPC,SPQR)
 (C:\Users\HUIWEI\AppData\Local\Programs\MiKTeX\tex/latex/graphics\keyval.sty
Package: keyval 2022/05/29 v1.15 key=value parser (DPC)
\KV@toks@=\toks17
) (C:\Users\HUIWEI\AppData\Local\Programs\MiKTeX\tex/latex/graphics\graphics.sty
Package: graphics 2022/03/10 v1.4e Standard LaTeX Graphics (DPC,SPQR)
 (C:\Users\HUIWEI\AppData\Local\Programs\MiKTeX\tex/latex/graphics\trig.sty
Package: trig 2021/08/11 v1.11 sin cos tan (DPC)
) (C:\Users\HUIWEI\AppData\Local\Programs\MiKTeX\tex/latex/graphics-cfg\graphics.cfg
File: graphics.cfg 2016/06/04 v1.11 sample graphics configuration
)
Package graphics Info: Driver file: pdftex.def on input line 107.
 (C:\Users\HUIWEI\AppData\Local\Programs\MiKTeX\tex/latex/graphics-def\pdftex.def
File: pdftex.def 2022/09/22 v1.2b Graphics/color driver for pdftex
))
\Gin@req@height=\dimen141
\Gin@req@width=\dimen142
) (C:\Users\HUIWEI\AppData\Local\Programs\MiKTeX\tex/latex/hyperref\hyperref.sty
Package: hyperref 2023-11-26 v7.01g Hypertext links for LaTeX
 (C:\Users\HUIWEI\AppData\Local\Programs\MiKTeX\tex/generic/iftex\iftex.sty
Package: iftex 2022/02/03 v1.0f TeX engine tests
) (C:\Users\HUIWEI\AppData\Local\Programs\MiKTeX\tex/generic/infwarerr\infwarerr.sty
Package: infwarerr 2019/12/03 v1.5 Providing info/warning/error messages (HO)
) (C:\Users\HUIWEI\AppData\Local\Programs\MiKTeX\tex/latex/kvsetkeys\kvsetkeys.sty
Package: kvsetkeys 2022-10-05 v1.19 Key value parser (HO)
) (C:\Users\HUIWEI\AppData\Local\Programs\MiKTeX\tex/generic/kvdefinekeys\kvdefinekeys.sty
Package: kvdefinekeys 2019-12-19 v1.6 Define keys (HO)
) (C:\Users\HUIWEI\AppData\Local\Programs\MiKTeX\tex/generic/pdfescape\pdfescape.sty
Package: pdfescape 2019/12/09 v1.15 Implements pdfTeX's escape features (HO)
 (C:\Users\HUIWEI\AppData\Local\Programs\MiKTeX\tex/generic/ltxcmds\ltxcmds.sty
Package: ltxcmds 2023-12-04 v1.26 LaTeX kernel commands for general use (HO)
) (C:\Users\HUIWEI\AppData\Local\Programs\MiKTeX\tex/generic/pdftexcmds\pdftexcmds.sty
Package: pdftexcmds 2020-06-27 v0.33 Utility functions of pdfTeX for LuaTeX (HO)
Package pdftexcmds Info: \pdf@primitive is available.
Package pdftexcmds Info: \pdf@ifprimitive is available.
Package pdftexcmds Info: \pdfdraftmode found.
)) (C:\Users\HUIWEI\AppData\Local\Programs\MiKTeX\tex/latex/hycolor\hycolor.sty
Package: hycolor 2020-01-27 v1.10 Color options for hyperref/bookmark (HO)
) (C:\Users\HUIWEI\AppData\Local\Programs\MiKTeX\tex/latex/letltxmacro\letltxmacro.sty
Package: letltxmacro 2019/12/03 v1.6 Let assignment for LaTeX macros (HO)
) (C:\Users\HUIWEI\AppData\Local\Programs\MiKTeX\tex/latex/auxhook\auxhook.sty
Package: auxhook 2019-12-17 v1.6 Hooks for auxiliary files (HO)
) (C:\Users\HUIWEI\AppData\Local\Programs\MiKTeX\tex/latex/hyperref\nameref.sty
Package: nameref 2023-11-26 v2.56 Cross-referencing by name of section
 (C:\Users\HUIWEI\AppData\Local\Programs\MiKTeX\tex/latex/refcount\refcount.sty
Package: refcount 2019/12/15 v3.6 Data extraction from label references (HO)
) (C:\Users\HUIWEI\AppData\Local\Programs\MiKTeX\tex/generic/gettitlestring\gettitlestring.sty
Package: gettitlestring 2019/12/15 v1.6 Cleanup title references (HO)
 (C:\Users\HUIWEI\AppData\Local\Programs\MiKTeX\tex/latex/kvoptions\kvoptions.sty
Package: kvoptions 2022-06-15 v3.15 Key value format for package options (HO)
))
\c@section@level=\count196
) (C:\Users\HUIWEI\AppData\Local\Programs\MiKTeX\tex/latex/etoolbox\etoolbox.sty
Package: etoolbox 2020/10/05 v2.5k e-TeX tools for LaTeX (JAW)
\etb@tempcnta=\count197
)
\@linkdim=\dimen143
\Hy@linkcounter=\count198
\Hy@pagecounter=\count199
 (C:\Users\HUIWEI\AppData\Local\Programs\MiKTeX\tex/latex/hyperref\pd1enc.def
File: pd1enc.def 2023-11-26 v7.01g Hyperref: PDFDocEncoding definition (HO)
Now handling font encoding PD1 ...
... no UTF-8 mapping file for font encoding PD1
) (C:\Users\HUIWEI\AppData\Local\Programs\MiKTeX\tex/generic/intcalc\intcalc.sty
Package: intcalc 2019/12/15 v1.3 Expandable calculations with integers (HO)
)
\Hy@SavedSpaceFactor=\count266
 (C:\Users\HUIWEI\AppData\Local\Programs\MiKTeX\tex/latex/hyperref\puenc.def
File: puenc.def 2023-11-26 v7.01g Hyperref: PDF Unicode definition (HO)
Now handling font encoding PU ...
... no UTF-8 mapping file for font encoding PU
)
Package hyperref Info: Option `colorlinks' set `true' on input line 4064.
Package hyperref Info: Hyper figures OFF on input line 4181.
Package hyperref Info: Link nesting OFF on input line 4186.
Package hyperref Info: Hyper index ON on input line 4189.
Package hyperref Info: Plain pages OFF on input line 4196.
Package hyperref Info: Backreferencing OFF on input line 4201.
Package hyperref Info: Implicit mode ON; LaTeX internals redefined.
Package hyperref Info: Bookmarks ON on input line 4448.
\c@Hy@tempcnt=\count267
 (C:\Users\HUIWEI\AppData\Local\Programs\MiKTeX\tex/latex/url\url.sty
\Urlmuskip=\muskip16
Package: url 2013/09/16  ver 3.4  Verb mode for urls, etc.
)
LaTeX Info: Redefining \url on input line 4786.
\XeTeXLinkMargin=\dimen144
 (C:\Users\HUIWEI\AppData\Local\Programs\MiKTeX\tex/generic/bitset\bitset.sty
Package: bitset 2019/12/09 v1.3 Handle bit-vector datatype (HO)
 (C:\Users\HUIWEI\AppData\Local\Programs\MiKTeX\tex/generic/bigintcalc\bigintcalc.sty
Package: bigintcalc 2019/12/15 v1.5 Expandable calculations on big integers (HO)
))
\Fld@menulength=\count268
\Field@Width=\dimen145
\Fld@charsize=\dimen146
Package hyperref Info: Hyper figures OFF on input line 6065.
Package hyperref Info: Link nesting OFF on input line 6070.
Package hyperref Info: Hyper index ON on input line 6073.
Package hyperref Info: backreferencing OFF on input line 6080.
Package hyperref Info: Link coloring ON on input line 6083.
Package hyperref Info: Link coloring with OCG OFF on input line 6090.
Package hyperref Info: PDF/A mode OFF on input line 6095.
 (C:\Users\HUIWEI\AppData\Local\Programs\MiKTeX\tex/latex/base\atbegshi-ltx.sty
Package: atbegshi-ltx 2021/01/10 v1.0c Emulation of the original atbegshi
package with kernel methods
)
\Hy@abspage=\count269
\c@Item=\count270
\c@Hfootnote=\count271
)
Package hyperref Info: Driver (autodetected): hpdftex.
 (C:\Users\HUIWEI\AppData\Local\Programs\MiKTeX\tex/latex/hyperref\hpdftex.def
File: hpdftex.def 2023-11-26 v7.01g Hyperref driver for pdfTeX
 (C:\Users\HUIWEI\AppData\Local\Programs\MiKTeX\tex/latex/base\atveryend-ltx.sty
Package: atveryend-ltx 2020/08/19 v1.0a Emulation of the original atveryend package
with kernel methods
)
\Fld@listcount=\count272
\c@bookmark@seq@number=\count273
 (C:\Users\HUIWEI\AppData\Local\Programs\MiKTeX\tex/latex/rerunfilecheck\rerunfilecheck.sty
Package: rerunfilecheck 2025-06-21 v1.11 Rerun checks for auxiliary files (HO)
 (C:\Users\HUIWEI\AppData\Local\Programs\MiKTeX\tex/generic/uniquecounter\uniquecounter.sty
Package: uniquecounter 2019/12/15 v1.4 Provide unlimited unique counter (HO)
)
Package uniquecounter Info: New unique counter `rerunfilecheck' on input line 284.
)
\Hy@SectionHShift=\skip50
) (C:\Users\HUIWEI\AppData\Local\Programs\MiKTeX\tex/latex/paracol\paracol.sty
Package: paracol 2025/07/14 1.37 typeset columns in parallel
\pcol@currcol=\count274
\pcol@nextcol=\count275
\pcol@ncol=\count276
\pcol@ncolleft=\count277
\pcol@page=\count278
\pcol@basepage=\count279
\pcol@toppage=\count280
\pcol@footnotebase=\count281
\pcol@nfootnotes=\count282
\pcol@mcid=\count283
\pcol@prevdepth=\dimen147
\pcol@colht=\dimen148
\pcol@textfloatsep=\dimen149
\pcol@lrmargin=\dimen150
\pagerim=\dimen151
\pcol@topskip=\skip51
\belowfootnoteskip=\skip52
\pcol@topfnotes=\box51
\pcol@prespan=\box52
\pcol@rightpage=\box53
\pcol@colorstack@saved=\box54
\pcol@tempboxa=\box55
\pcol@tempboxb=\box56
\pcol@colorins=\insert252
\pcol@everyvbox=\toks18
) (C:\Users\HUIWEI\AppData\Local\Programs\MiKTeX\tex/latex/base\fontenc.sty
Package: fontenc 2021/04/29 v2.0v Standard LaTeX package
) (C:\Users\HUIWEI\AppData\Local\Programs\MiKTeX\tex/latex/base\inputenc.sty
Package: inputenc 2021/02/14 v1.3d Input encoding file
\inpenc@prehook=\toks19
\inpenc@posthook=\toks20
) (C:\Users\HUIWEI\AppData\Local\Programs\MiKTeX\tex/latex/base\textcomp.sty
Package: textcomp 2020/02/02 v2.0n Standard LaTeX package
) (C:\Users\HUIWEI\AppData\Local\Programs\MiKTeX\tex/generic/babel\babel.sty
Package: babel 2024/01/07 v24.1 The Babel package
\babel@savecnt=\count284
\U@D=\dimen152
\l@unhyphenated=\language79
 (C:\Users\HUIWEI\AppData\Local\Programs\MiKTeX\tex/generic/babel\txtbabel.def)
\bbl@readstream=\read2
\bbl@dirlevel=\count285

*************************************
* Local config file bblopts.cfg used
*
(C:\Users\HUIWEI\AppData\Local\Programs\MiKTeX\tex/latex/arabi\bblopts.cfg
File: bblopts.cfg 2005/09/08 v0.1 add Arabic and Farsi to "declared" options of babel
) (C:\Users\HUIWEI\AppData\Local\Programs\MiKTeX\tex/latex/babel-english\english.ldf
Language: english 2017/06/06 v3.3r English support from the babel system
Package babel Info: Hyphen rules for 'canadian' set to \l@english
(babel)             (\language0). Reported on input line 102.
Package babel Info: Hyphen rules for 'australian' set to \l@ukenglish
(babel)             (\language73). Reported on input line 105.
Package babel Info: Hyphen rules for 'newzealand' set to \l@ukenglish
(babel)             (\language73). Reported on input line 108.
) (C:\Users\HUIWEI\AppData\Local\Programs\MiKTeX\tex/generic/babel-french\french.ldf
Language: french 2025-08-15 v4.0e French support from the babel system
 (C:\Users\HUIWEI\AppData\Local\Programs\MiKTeX\tex/generic/babel-french\french3.ldf
Language: french 2025-08-15 v3.7e French support from the babel system
\FB@stdchar=\count286
Package babel Info: Making : an active character on input line 273.
Package babel Info: Making ; an active character on input line 274.
Package babel Info: Making ! an active character on input line 275.
Package babel Info: Making ? an active character on input line 276.
\FBguill@level=\count287
\FBold@everypar=\toks21
\FB@Mht=\dimen153
\mc@charclass=\count288
\mc@charfam=\count289
\mc@charslot=\count290
\std@mcc=\count291
\dec@mcc=\count292
\FB@pardim=\dimen154
\listindentFB=\dimen155
\descindentFB=\dimen156
\labelindentFB=\dimen157
\labelwidthFB=\dimen158
\leftmarginFB=\dimen159
\parindentFFN=\dimen160
\FBfnindent=\dimen161
))) (C:\Users\HUIWEI\AppData\Local\Programs\MiKTeX\tex/generic/babel/locale/fr\babel-french.tex
Package babel Info: Importing font and identification data for french
(babel)             from babel-fr.ini. Reported on input line 11.
) (C:\Users\HUIWEI\AppData\Local\Programs\MiKTeX\tex/generic/babel/locale/en\babel-english.tex
Package babel Info: Importing font and identification data for english
(babel)             from babel-en.ini. Reported on input line 11.
) (C:\Users\HUIWEI\AppData\Local\Programs\MiKTeX\tex/latex/carlisle\scalefnt.sty) (C:\Users\HUIWEI\AppData\Local\Programs\MiKTeX\tex/latex/csquotes\csquotes.sty
Package: csquotes 2024-04-04 v5.2o context-sensitive quotations (JAW)
\csq@reset=\count293
\csq@gtype=\count294
\csq@glevel=\count295
\csq@qlevel=\count296
\csq@maxlvl=\count297
\csq@tshold=\count298
\csq@ltx@everypar=\toks22
 (C:\Users\HUIWEI\AppData\Local\Programs\MiKTeX\tex/latex/csquotes\csquotes.def
File: csquotes.def 2024-04-04 v5.2o csquotes generic definitions (JAW)
)
Package csquotes Info: Trying to load configuration file 'csquotes.cfg'...
Package csquotes Info: ... configuration file loaded successfully.
 (C:\Users\HUIWEI\AppData\Local\Programs\MiKTeX\tex/latex/csquotes\csquotes.cfg
File: csquotes.cfg 
))
Package csquotes Info: Checking for multilingual support...
Package csquotes Info: ... found 'babel' package.
Package csquotes Info: Adjusting default style.
Package csquotes Info: Redefining alias 'default' -> 'french'.
 (C:\Users\HUIWEI\AppData\Local\Programs\MiKTeX\tex/latex/l3backend\l3backend-pdftex.def
File: l3backend-pdftex.def 2024-01-04 L3 backend support: PDF output (pdfTeX)
\l__color_backend_stack_int=\count299
\l__pdf_internal_box=\box57
) (draft.aux)
\openout1 = `draft.aux'.

LaTeX Font Info:    Checking defaults for OML/cmm/m/it on input line 33.
LaTeX Font Info:    ... okay on input line 33.
LaTeX Font Info:    Checking defaults for OMS/cmsy/m/n on input line 33.
LaTeX Font Info:    ... okay on input line 33.
LaTeX Font Info:    Checking defaults for OT1/cmr/m/n on input line 33.
LaTeX Font Info:    ... okay on input line 33.
LaTeX Font Info:    Checking defaults for T1/cmr/m/n on input line 33.
LaTeX Font Info:    ... okay on input line 33.
LaTeX Font Info:    Checking defaults for TS1/cmr/m/n on input line 33.
LaTeX Font Info:    ... okay on input line 33.
LaTeX Font Info:    Checking defaults for OMX/cmex/m/n on input line 33.
LaTeX Font Info:    ... okay on input line 33.
LaTeX Font Info:    Checking defaults for U/cmr/m/n on input line 33.
LaTeX Font Info:    ... okay on input line 33.
LaTeX Font Info:    Checking defaults for PD1/pdf/m/n on input line 33.
LaTeX Font Info:    ... okay on input line 33.
LaTeX Font Info:    Checking defaults for PU/pdf/m/n on input line 33.
LaTeX Font Info:    ... okay on input line 33.
 (C:\Users\HUIWEI\AppData\Local\Programs\MiKTeX\tex/context/base/mkii\supp-pdf.mkii
[Loading MPS to PDF converter (version 2006.09.02).]
\scratchcounter=\count300
\scratchdimen=\dimen162
\scratchbox=\box58
\nofMPsegments=\count301
\nofMParguments=\count302
\everyMPshowfont=\toks23
\MPscratchCnt=\count303
\MPscratchDim=\dimen163
\MPnumerator=\count304
\makeMPintoPDFobject=\count305
\everyMPtoPDFconversion=\toks24
) (C:\Users\HUIWEI\AppData\Local\Programs\MiKTeX\tex/latex/epstopdf-pkg\epstopdf-base.sty
Package: epstopdf-base 2020-01-24 v2.11 Base part for package epstopdf
Package epstopdf-base Info: Redefining graphics rule for `.eps' on input line 485.
 (C:\Users\HUIWEI\AppData\Local\Programs\MiKTeX\tex/latex/00miktex\epstopdf-sys.cfg
File: epstopdf-sys.cfg 2021/03/18 v2.0 Configuration of epstopdf for MiKTeX
)) (C:\Users\HUIWEI\AppData\Local\Programs\MiKTeX\tex/latex/graphics\color.sty
Package: color 2022/01/06 v1.3d Standard LaTeX Color (DPC)
 (C:\Users\HUIWEI\AppData\Local\Programs\MiKTeX\tex/latex/graphics-cfg\color.cfg
File: color.cfg 2016/01/02 v1.6 sample color configuration
)
Package color Info: Driver file: pdftex.def on input line 149.
 (C:\Users\HUIWEI\AppData\Local\Programs\MiKTeX\tex/latex/graphics\mathcolor.ltx))
Package hyperref Info: Link coloring ON on input line 33.
 (draft.out) (draft.out)
\@outlinefile=\write3
\openout3 = `draft.out'.

LaTeX Info: Redefining \degres on input line 33.
 (draft.toc
LaTeX Font Info:    External font `cmex10' loaded for size
(Font)              <12> on input line 3.
LaTeX Font Info:    External font `cmex10' loaded for size
(Font)              <8> on input line 3.
LaTeX Font Info:    External font `cmex10' loaded for size
(Font)              <6> on input line 3.
 [1



{C:/Users/HUIWEI/AppData/Local/MiKTeX/fonts/map/pdftex/pdftex.map}] [2])
\tf@toc=\write4
\openout4 = `draft.toc'.

 [3] [4

] [1

]
<images/chanson.jpg, id=376, 422.32782pt x 242.40562pt>
File: images/chanson.jpg Graphic file (type jpg)
<use images/chanson.jpg>
Package pdftex.def Info: images/chanson.jpg  used on input line 67.
(pdftex.def)             Requested size: 136.50238pt x 78.34813pt.
<images/chanson2.jpg, id=377, 394.47375pt x 496.10344pt>
File: images/chanson2.jpg Graphic file (type jpg)
<use images/chanson2.jpg>
Package pdftex.def Info: images/chanson2.jpg  used on input line 76.
(pdftex.def)             Requested size: 136.50238pt x 171.67062pt.


LaTeX Warning: `h' float specifier changed to `ht'.

<images/bourdieu-visu.jpg, id=378, 1199.98312pt x 925.95938pt>
File: images/bourdieu-visu.jpg Graphic file (type jpg)
<use images/bourdieu-visu.jpg>
Package pdftex.def Info: images/bourdieu-visu.jpg  used on input line 84.
(pdftex.def)             Requested size: 136.50238pt x 105.33157pt.

LaTeX Warning: `h' float specifier changed to `ht'.

<images/tableau4.jpg, id=379, 373.395pt x 266.49562pt>
File: images/tableau4.jpg Graphic file (type jpg)
<use images/tableau4.jpg>
Package pdftex.def Info: images/tableau4.jpg  used on input line 92.
(pdftex.def)             Requested size: 136.50238pt x 97.42258pt.

LaTeX Warning: `h' float specifier changed to `ht'.

<images/compositeurs.jpg, id=380, 601.4972pt x 293.59688pt>
File: images/compositeurs.jpg Graphic file (type jpg)
<use images/compositeurs.jpg>
Package pdftex.def Info: images/compositeurs.jpg  used on input line 99.
(pdftex.def)             Requested size: 136.50238pt x 66.62538pt.

LaTeX Warning: `h' float specifier changed to `ht'.

<images/musicindustry.jpg, id=381, 456.20438pt x 320.69812pt>
File: images/musicindustry.jpg Graphic file (type jpg)
<use images/musicindustry.jpg>
Package pdftex.def Info: images/musicindustry.jpg  used on input line 107.
(pdftex.def)             Requested size: 136.50238pt x 95.9557pt.

LaTeX Warning: `h' float specifier changed to `ht'.

[2

 <./images/chanson.jpg>] [3 <./images/chanson2.jpg> <./images/bourdieu-visu.jpg>] [4 <./images/tableau4.jpg> <./images/compositeurs.jpg>] [5 <./images/musicindustry.jpg>]
Underfull \vbox (badness 10000) has occurred while \output is active []

 [6]
Underfull \vbox (badness 10000) has occurred while \output is active []

 [7] [8] [9] [10] [11] [12

]
Overfull \hbox (15.9106pt too wide) in paragraph at lines 397--398
[]\T1/cmr/m/n/12 "You said it, my good knight!
 []


Overfull \hbox (10.6939pt too wide) in paragraph at lines 397--398
\T1/cmr/m/n/12 pro-tect the body of ac-quired
 []


Overfull \hbox (9.45393pt too wide) in paragraph at lines 397--398
\T1/cmr/m/n/12 gent, from his ear-li-est gram-
 []


Overfull \hbox (6.90868pt too wide) in paragraph at lines 397--398
\T1/cmr/m/n/12 tle note-book full of phrases.
 []


Overfull \hbox (10.75916pt too wide) in paragraph at lines 397--398
\T1/cmr/m/n/12 years, he's man-aged to build
 []


Overfull \hbox (0.43402pt too wide) in paragraph at lines 407--408
\T1/cmr/m/n/12 the con-di-tions in which the con-sumers
 []


Overfull \hbox (2.78337pt too wide) in paragraph at lines 407--408
\T1/cmr/m/n/12 der-stand cul-tural prac-tices un-less 'cul-
 []


Overfull \hbox (6.50342pt too wide) in paragraph at lines 407--408
\T1/cmr/m/n/12 ture', in the re-stricted, nor-ma-tive sense
 []


Overfull \hbox (1.60873pt too wide) in paragraph at lines 407--408
\T1/cmr/m/n/12 of or-di-nary us-age, is brought back into
 []


Overfull \hbox (1.6741pt too wide) in paragraph at lines 407--408
\T1/cmr/m/n/12 re-fined ob-jects is re-con-nected with the
 []


Underfull \vbox (badness 10000) has occurred while \output is active []


Underfull \vbox (badness 10000) has occurred while \output is active []


Overfull \hbox (4.67612pt too wide) in paragraph at lines 411--412
\T1/cmr/m/n/12 shows that cul-tural needs are the prod-
 []


Overfull \hbox (2.9793pt too wide) in paragraph at lines 414--415
\T1/cmr/m/n/12 ef-fec-tive-ness and du-ra-tion of which are
 []


Overfull \hbox (13.48631pt too wide) in paragraph at lines 414--415
\T1/cmr/m/n/12 closely de-pen-dent on so-cial ori-gin) varies
 []


Overfull \hbox (13.87796pt too wide) in paragraph at lines 414--415
\T1/cmr/m/n/12 gin is strongest-other things be-ing equal-
 []


Underfull \vbox (badness 7030) has occurred while \output is active []


Underfull \vbox (badness 7030) has occurred while \output is active []


Overfull \hbox (11.46332pt too wide) in paragraph at lines 418--420
\T1/cmr/m/n/12 tin-guish the different-and ranked-modes
 []


Overfull \hbox (0.10776pt too wide) in paragraph at lines 418--420
\T1/cmr/m/n/12 and its pedi-grees, mea-sured by se-nior-
 []


Overfull \hbox (0.84734pt too wide) in paragraph at lines 418--420
\T1/cmr/m/n/12 pe-ri-ence and sim-ple de-light. The logic
 []


Overfull \hbox (0.82553pt too wide) in paragraph at lines 418--420
\T1/cmr/m/n/12 pre-sup-poses prac-ti-cal or ex plicit mas-
 []


Overfull \hbox (8.13487pt too wide) in paragraph at lines 418--420
\T1/cmr/m/n/12 (savoir), or con-cepts, that is, the words,
 []


Overfull \hbox (12.11588pt too wide) in paragraph at lines 418--420
\T1/cmr/m/n/12 that are avail-able to name vis-i-ble things,
 []


Overfull \hbox (1.21724pt too wide) in paragraph at lines 418--420
\T1/cmr/m/n/12 and which are, as it were, pro-grammes
 []


Overfull \hbox (1.67409pt too wide) in paragraph at lines 418--420
\T1/cmr/m/n/12 of works that aes-thetic en-joy-ment pre-
 []


Overfull \hbox (3.76231pt too wide) in paragraph at lines 418--420
\T1/cmr/m/n/12 sounds and rhythms, colours and lines,
 []


Overfull \hbox (11.92017pt too wide) in paragraph at lines 418--420
\T1/cmr/m/n/12 tional res-o-nances aroused by these prop-
 []


Overfull \hbox (7.4824pt too wide) in paragraph at lines 418--420
\T1/cmr/m/n/12 from the 'pri-mary stra-tum of the mean-
 []


Overfull \hbox (1.73924pt too wide) in paragraph at lines 418--420
\T1/cmr/m/n/12 un-less he pos-sesses the con-cepts which
 []


Overfull \hbox (6.37283pt too wide) in paragraph at lines 418--420
\T1/cmr/m/n/12 art-lover's plea-sure, pre-sup-poses an act
 []


Overfull \hbox (12.89899pt too wide) in paragraph at lines 418--420
\T1/cmr/m/n/12 a cog-ni-tive ac-quire-ment, a cul-tural code.
 []


Overfull \hbox (0.62976pt too wide) in paragraph at lines 418--420
\T1/cmr/m/n/12 ac-qui-si-tion of le-git-i-mate cul-ture by in-
 []


Overfull \hbox (5.91597pt too wide) in paragraph at lines 418--420
\T1/cmr/m/n/12 sen-si-ble fa-mil-iar-iza-tion within the fam-
 []


Overfull \hbox (3.56656pt too wide) in paragraph at lines 418--420
\T1/cmr/m/n/12 omous field of artis-tic pro-duc-tion, that
 []


Overfull \hbox (11.02856pt too wide) in paragraph at lines 418--420
\T1/cmr/m/n/12 An art which, like all Post-Impressionist
 []


Overfull \hbox (3.89291pt too wide) in paragraph at lines 418--420
\T1/cmr/m/n/12 pre-vi-ous art only de-manded con-di-tion-
 []


Overfull \hbox (0.62982pt too wide) in paragraph at lines 418--420
\T1/cmr/m/n/12 au-tonomous, that is, en-tirely the mas-
 []


Overfull \hbox (2.45709pt too wide) in paragraph at lines 418--420
\T1/cmr/m/n/12 su-per-im-posed a pos-te-ri-ori on his work.
 []


Overfull \hbox (1.02122pt too wide) in paragraph at lines 418--420
\T1/cmr/m/n/12 trin-si-cally and de-lib-er-ately pol-y-semic,
 []


Overfull \hbox (2.26137pt too wide) in paragraph at lines 418--420
\T1/cmr/m/n/12 tion is to give pri-macy to that of which
 []


Overfull \hbox (3.95811pt too wide) in paragraph at lines 418--420
\T1/cmr/m/n/12 sub-or-di-na-tion to functions-even if only
 []


Overfull \hbox (7.54745pt too wide) in paragraph at lines 418--420
\T1/cmr/m/n/12 re-sent-ing, sig-ni-fy-ing, say-ing some-thing.
 []


Overfull \hbox (4.34973pt too wide) in paragraph at lines 418--420
\T1/cmr/m/n/12 any ne-ces-sity other than that in-scribed
 []


Overfull \hbox (4.80676pt too wide) in paragraph at lines 418--420
\T1/cmr/m/n/12 to an ex-ter-nal ref-er-ent, the rep-re-sented
 []


Overfull \hbox (1.47806pt too wide) in paragraph at lines 418--420
\T1/cmr/m/n/12 tion is nec-es-sar-ily his-tor-i-cal, inas-much
 []


Overfull \hbox (6.7645pt too wide) in paragraph at lines 418--420
\T1/cmr/m/n/12 painter who, op-er-at-ing out-side the field
 []


Overfull \hbox (2.00029pt too wide) in paragraph at lines 418--420
\T1/cmr/m/n/12 sep-a-ra-ble from a spe-cific cul-tural com-
 []


Overfull \hbox (3.63185pt too wide) in paragraph at lines 418--420
\T1/cmr/m/n/12 tions as a prin-ci-ple of per-ti-nence which
 []


Overfull \hbox (5.19812pt too wide) in paragraph at lines 418--420
\T1/cmr/m/n/12 state ex-plic-itly, the fea-tures which con-
 []


Overfull \hbox (2.13095pt too wide) in paragraph at lines 418--420
\T1/cmr/m/n/12 seems to sug-gest that even among pro-
 []


Overfull \hbox (9.11382pt too wide) in paragraph at lines 418--420
\T1/cmr/m/n/12 'typ ical works' on which all their judge-
 []


Overfull \hbox (2.91405pt too wide) in paragraph at lines 418--420
\T1/cmr/m/n/12 with the or-di-nary at-ti-tude to-wards the
 []


Overfull \hbox (12.46385pt too wide) in paragraph at lines 418--420
\T1/cmr/m/n/12 op-posed to dis-tinc-tive. or distinguished-
 []


Overfull \hbox (0.36871pt too wide) in paragraph at lines 418--420
\T1/cmr/m/n/12 feel-ings which 'or-di-nary' peo-ple in-vest
 []


Overfull \hbox (9.1791pt too wide) in paragraph at lines 418--420
\T1/cmr/m/n/12 which im-plies the sub-or-di-na-tion of form
 []


Overfull \hbox (7.15602pt too wide) in paragraph at lines 418--420
\T1/cmr/m/n/12 per-i-men-ta-tion and all the ef-fects which,
 []


Overfull \hbox (16.48843pt too wide) in paragraph at lines 418--420
\T1/cmr/m/n/12 ac-cepted con-ven-tions (as re-gards scenery,
 []


Overfull \hbox (1.11172pt too wide) in paragraph at lines 418--420
\T1/cmr/m/n/12 char-ac-ters (I am think-ing of Brechtian
 []


Overfull \hbox (4.80664pt too wide) in paragraph at lines 418--420
\T1/cmr/m/n/12 aes-thetic' ig-nores or re-fuses the re fusal
 []


Overfull \hbox (0.2382pt too wide) in paragraph at lines 418--420
\T1/cmr/m/n/12 of 'facile' in-volve-ment and 'vul-gar' en-
 []


Overfull \hbox (10.6801pt too wide) in paragraph at lines 418--420
\T1/cmr/m/n/12 aes-thetic qual-ity of con-tem-pla-tion, from
 []


Overfull \hbox (1.8698pt too wide) in paragraph at lines 418--420
\T1/cmr/m/n/12 of-ten ex-plic-itly, to the norms of moral-
 []


Overfull \hbox (0.36874pt too wide) in paragraph at lines 418--420
\T1/cmr/m/n/12 cum-stances of life, to le-git-i-mate works
 []


Overfull \hbox (4.02348pt too wide) in paragraph at lines 418--420
\T1/cmr/m/n/12 in fic-tions and rep-re-sen tations demon-
 []


Overfull \hbox (1.41304pt too wide) in paragraph at lines 418--420
\T1/cmr/m/n/12 strates a con-trario that pure taste per-
 []


Overfull \hbox (9.897pt too wide) in paragraph at lines 418--420
\T1/cmr/m/n/12 ment which is one di-men-sion of a 'quasi-
 []


Overfull \hbox (8.8529pt too wide) in paragraph at lines 418--420
\T1/cmr/m/n/12 be said to be lieve in the representation-
 []


Overfull \hbox (4.02348pt too wide) in paragraph at lines 418--420
\T1/cmr/m/n/12 literature, the-atre, painting-more than
 []


Overfull \hbox (7.15605pt too wide) in paragraph at lines 418--420
\T1/cmr/m/n/12 and the con-ven-tions which gov-ern them
 []


Overfull \hbox (6.11176pt too wide) in paragraph at lines 418--420
\T1/cmr/m/n/12 pu-ri-fy-ing, re-fin-ing and sub-li-mat-ing pri-
 []


Overfull \hbox (4.02332pt too wide) in paragraph at lines 418--420
\T1/cmr/m/n/12 tions in so-cial space and, con-se-quently,
 []


Overfull \hbox (15.50938pt too wide) in paragraph at lines 418--420
\T1/cmr/m/n/12 by their clas-si-fi-ca-tions, dis-tin-guish them-
 []


Overfull \hbox (7.15593pt too wide) in paragraph at lines 418--420
\T1/cmr/m/n/12 clas-si-fi-ca-tions is ex-pressed or be trayed.
 []


Overfull \hbox (1.54338pt too wide) in paragraph at lines 418--420
\T1/cmr/m/n/12 show that op-po-si-tions sim-i-lar in struc-
 []


Overfull \hbox (1.30417pt too wide) in paragraph at lines 418--420
\T1/cmr/m/n/12 tices also ap-pear in eat-ing habits. The
 []


Overfull \hbox (13.48628pt too wide) in paragraph at lines 418--420
\T1/cmr/m/n/12 most 'fill-ing' and most eco-nom-i-cal foods,
 []


Overfull \hbox (7.4823pt too wide) in paragraph at lines 418--420
\T1/cmr/m/n/12 and the taste of liberty-or luxury-which
 []


Overfull \hbox (4.28441pt too wide) in paragraph at lines 418--420
\T1/cmr/m/n/12 dis-cover the in-tel-li-gi-ble re-la-tions which
 []


Overfull \hbox (32.99962pt too wide) in paragraph at lines 418--420
\T1/cmr/m/n/12 unite ap-par-ently in-com-men-su-rable 'choices',
 []


Overfull \hbox (30.32393pt too wide) in paragraph at lines 418--420
\T1/cmr/m/n/12 paint-ing and sport, liter ature and hairstyle.
 []


Overfull \hbox (4.41515pt too wide) in paragraph at lines 418--420
\T1/cmr/m/n/12 tween the 'taste of sense' and the 'taste
 []


Overfull \hbox (6.11174pt too wide) in paragraph at lines 418--420
\T1/cmr/m/n/12 jects, per-sons and sit-u-a-tions it touches,
 []


Overfull \hbox (4.01047pt too wide) in paragraph at lines 418--420
\T1/cmr/m/n/12 to a tran sub-stan-ti-a-tion. Proof enough
 []


Overfull \hbox (21.4701pt too wide) in paragraph at lines 418--420
\T1/cmr/m/n/12 in-ter-course which of-fends the eye. Clearly,
 []


Overfull \hbox (0.17297pt too wide) in paragraph at lines 418--420
\T1/cmr/m/n/12 itous, dis-tin-guished plea-sures fo r ever
 []


Overfull \hbox (1.32669pt too wide) in paragraph at lines 428--429
\T1/cmr/m/n/12 sances ac-quises. Pre-nez un
 []


Overfull \hbox (25.57364pt too wide) in paragraph at lines 428--429
\T1/cmr/m/n/12 de nos bons élèves par exemple,
 []


Overfull \hbox (0.57831pt too wide) in paragraph at lines 428--429
\T1/cmr/m/n/12 sus-pendu aux lèvres de ses
 []


Overfull \hbox (11.60759pt too wide) in paragraph at lines 428--429
\T1/cmr/m/n/12 pro-fes-seurs a fini par se com-
 []


Overfull \hbox (7.65717pt too wide) in paragraph at lines 428--429
\T1/cmr/m/n/12 son ou de l'ar-gent ? P. Clau-
 []


Overfull \hbox (3.30556pt too wide) in paragraph at lines 431--432
[]\T1/cmr/m/n/12 Il y a une éco-no-mie des biens cultu-
 []


Overfull \hbox (5.85075pt too wide) in paragraph at lines 431--432
\T1/cmr/m/n/12 gique spé-ci-fique qu'il faut dé-ga-ger pour
 []


Overfull \hbox (5.65504pt too wide) in paragraph at lines 433--434
\T1/cmr/m/n/12 qui sont consi-dé-rés à un mo-ment donné
 []

[13]
Overfull \hbox (8.4653pt too wide) in paragraph at lines 436--437
[]\T1/cmr/m/n/12 Contre l'idéo-lo-gie cha-ris-ma-tique qui
 []


Overfull \hbox (1.6741pt too wide) in paragraph at lines 436--437
\T1/cmr/m/n/12 (me-suré au titre sco-laire ou au nombre
 []


Overfull \hbox (0.4341pt too wide) in paragraph at lines 436--437
\T1/cmr/m/n/12 d'an-nées d'études), et se-con-dai-re-ment
 []


Overfull \hbox (0.89098pt too wide) in paragraph at lines 439--440
\T1/cmr/m/n/12 re-con-nues et en-sei-gnées par le sys-tème
 []


Overfull \hbox (7.74347pt too wide) in paragraph at lines 439--440
\T1/cmr/m/n/12 ma-tière de ^^Sculture libre^^T ou de culture
 []


Underfull \vbox (badness 10000) has occurred while \output is active []


Underfull \vbox (badness 10000) has occurred while \output is active []

 [14]
Overfull \hbox (0.17299pt too wide) in paragraph at lines 442--449
\T1/cmr/m/n/12 dis-pose les goûts à fonc-tion-ner comme
 []


Overfull \hbox (9.70117pt too wide) in paragraph at lines 442--449
\T1/cmr/m/n/12 des mar-queurs pri-vi-lé-giés de la ^^Sclasse^^T.
 []


Overfull \hbox (4.28448pt too wide) in paragraph at lines 442--449
\T1/cmr/m/n/12 l'at-ten-tion ac-cor-dée aux ma-nières s'ex-
 []


Overfull \hbox (10.09282pt too wide) in paragraph at lines 442--449
\T1/cmr/m/n/12 dans un lan-gage ty-pi-que-ment ^^Spé-dant^^T,
 []


Overfull \hbox (7.87396pt too wide) in paragraph at lines 442--449
\T1/cmr/m/n/12 de schèmes de per-cep-tion et d'apprécia-
 []


Overfull \hbox (6.69907pt too wide) in paragraph at lines 442--449
\T1/cmr/m/n/12 tion plus ou moins ex-pli-cites qui consti-
 []


Overfull \hbox (0.76031pt too wide) in paragraph at lines 442--449
\T1/cmr/m/n/12 pris à adop-ter la dis-po-si-tion adé-quate,
 []


Overfull \hbox (3.28476pt too wide) in paragraph at lines 442--449
\T1/cmr/m/n/12 Art^^T, Mea-ning in the Vi-sual Arts, New
 []


Overfull \hbox (1.67401pt too wide) in paragraph at lines 442--449
\T1/cmr/m/n/12 connais-sance, une opé-ra-tion de dé-chif-
 []


Overfull \hbox (11.65909pt too wide) in paragraph at lines 442--449
\T1/cmr/m/n/12 ni-tif, d'une com-pé-tence cultu-relle. Cette
 []


Overfull \hbox (8.20027pt too wide) in paragraph at lines 442--449
\T1/cmr/m/n/12 très di-rec-te-ment l'expé- rience des ama-
 []


Overfull \hbox (0.31454pt too wide) in paragraph at lines 442--449
\T1/cmr/m/n/12 lippo Lippi, Do-me-nico Ghir-lan-daio ou
 []


Overfull \hbox (12.30745pt too wide) in paragraph at lines 442--449
\T1/cmr/m/n/12 Piero della Fran-cesca in-ves-tis-saient dans
 []


Overfull \hbox (0.36871pt too wide) in paragraph at lines 442--449
\T1/cmr/m/n/12 tique qui s'im-pose au-jour-d'hui comme
 []


Overfull \hbox (6.37297pt too wide) in paragraph at lines 442--449
\T1/cmr/m/n/12 rer en elles-mêmes et pour elles-mêmes,
 []


Overfull \hbox (1.47818pt too wide) in paragraph at lines 442--449
\T1/cmr/m/n/12 c'est-à-dire les oeuvres d'art lé-gi-times,
 []


Overfull \hbox (6.82971pt too wide) in paragraph at lines 442--449
\T1/cmr/m/n/12 d'im-po-ser ses propres normes tant dans
 []


Overfull \hbox (7.89606pt too wide) in paragraph at lines 442--449
\T1/cmr/m/n/12 M. Baxan-dall, Pain-ting and Ex-pé-rience
 []


Overfull \hbox (2.09187pt too wide) in paragraph at lines 442--449
\T1/cmr/m/n/12 in the So-cial His-tory of Pic-to-rial Style,
 []


Overfull \hbox (5.15916pt too wide) in paragraph at lines 442--449
\T1/cmr/m/n/12 Ox-ford, Ox-ford Uni-ver-sity Press, 1972.
 []


Overfull \hbox (20.86107pt too wide) in paragraph at lines 442--449
\T1/cmr/m/n/12 au-to-nome, c'est-à-dire en-tiè-re-ment maître
 []


Overfull \hbox (11.398pt too wide) in paragraph at lines 442--449
\T1/cmr/m/n/12 sur-im-po-sées a pos-te-riori sur son oeuvre :
 []


Overfull \hbox (0.56458pt too wide) in paragraph at lines 442--449
\T1/cmr/m/n/12 la pro-duc-tion d'une ^^Soeuvre ou-verte^^T,
 []


Overfull \hbox (6.3076pt too wide) in paragraph at lines 442--449
\T1/cmr/m/n/12 de l'au-to-no-mie ar-tis-tique par les poêtes
 []


Overfull \hbox (8.65701pt too wide) in paragraph at lines 442--449
\T1/cmr/m/n/12 peintres, long-temps tri-bu-taires des écri-
 []


Overfull \hbox (0.36874pt too wide) in paragraph at lines 442--449
\T1/cmr/m/n/12 s'agirait-il de la plus élé-men-taire, celle
 []


Overfull \hbox (22.55792pt too wide) in paragraph at lines 442--449
\T1/cmr/m/n/12 de re-pré-sen-ter, de si-gni-fier, de dire quelque
 []


Overfull \hbox (3.82776pt too wide) in paragraph at lines 442--449
\T1/cmr/m/n/12 cherches et de ses rup-tures mêmes avec
 []


Overfull \hbox (6.24245pt too wide) in paragraph at lines 442--449
\T1/cmr/m/n/12 jours da-van-tage la ré-fé-rence à sa propre
 []


Overfull \hbox (7.15604pt too wide) in paragraph at lines 442--449
\T1/cmr/m/n/12 his-to-rique : comme le peintre dit ^^Snaïf^^T
 []


Overfull \hbox (0.98659pt too wide) in paragraph at lines 442--449
\T1/cmr/m/n/12 di-tion ar-tis-tique. La dis-po-si-tion es-thé-
 []


Overfull \hbox (5.58965pt too wide) in paragraph at lines 442--449
\T1/cmr/m/n/12 tique qu'ap-pellent les pro-duc-tions d'un
 []


Overfull \hbox (2.39188pt too wide) in paragraph at lines 442--449
\T1/cmr/m/n/12 haut de-gré d'au-to-no-mie est indissocia-
 []


Overfull \hbox (7.01582pt too wide) in paragraph at lines 442--449
\T1/cmr/m/n/12 re-pé-rer des In-tro-duc-tion V styles, c'est-
 []


Overfull \hbox (0.76033pt too wide) in paragraph at lines 442--449
\T1/cmr/m/n/12 ment énon-cés les traits qui font l'origi-
 []


Overfull \hbox (10.48427pt too wide) in paragraph at lines 442--449
\T1/cmr/m/n/12 qui dé-fi-nissent les pro-prié-tés sty-lis-tiques
 []


Overfull \hbox (6.5686pt too wide) in paragraph at lines 442--449
\T1/cmr/m/n/12 des oeuvres-témoins sur les-quelles s'ap-
 []


Overfull \hbox (3.8277pt too wide) in paragraph at lines 442--449
\T1/cmr/m/n/12 l'at-ti-tude or-di-naire à l'égard du monde
 []


Overfull \hbox (1.15195pt too wide) in paragraph at lines 442--449
\T1/cmr/m/n/12 accom- plis-se-ment, est une rup-ture so-
 []


Overfull \hbox (10.94122pt too wide) in paragraph at lines 442--449
\T1/cmr/m/n/12 leur exis-tence ^^Sor-di-naire^^T. Tout se passe
 []


Overfull \hbox (10.81079pt too wide) in paragraph at lines 442--449
\T1/cmr/m/n/12 pê-chant d'en-trer dans le jeu et de s'iden-
 []


Overfull \hbox (4.61082pt too wide) in paragraph at lines 442--449
\T1/cmr/m/n/12 (je pense à la dis-tan-cia-tion brech-tienne
 []


Overfull \hbox (5.02885pt too wide) in paragraph at lines 442--449
\T1/cmr/m/n/12 ro-ma-nesque opé-rée par le Nou-veau Ro-
 []


Overfull \hbox (25.95139pt too wide) in paragraph at lines 442--449
\T1/cmr/m/n/12 qu'elle est, c'est-à-dire au-to-nome, selbstän-
 []


Overfull \hbox (2.58766pt too wide) in paragraph at lines 442--449
\T1/cmr/m/n/12 dig, l'^^Sesthétique^^T po-pu-laire ignore ou
 []


Overfull \hbox (2.653pt too wide) in paragraph at lines 442--449
\T1/cmr/m/n/12 gra-phie, elle se pré-sente comme l'exact
 []


Overfull \hbox (4.2845pt too wide) in paragraph at lines 442--449
\T1/cmr/m/n/12 op-posé de l'es-thé-tique kan-tienne : pour
 []


Overfull \hbox (8.65715pt too wide) in paragraph at lines 442--449
\T1/cmr/m/n/12 cia-tion se ré-fère à un sys-tème de normes
 []


Overfull \hbox (2.52245pt too wide) in paragraph at lines 442--449
\T1/cmr/m/n/12 té-ma-tique des choses de l'art ou choses
 []


Overfull \hbox (10.54962pt too wide) in paragraph at lines 442--449
\T1/cmr/m/n/12 les re-pré-sen-ta-tions in-diquent a confrarlo
 []


Overfull \hbox (24.3852pt too wide) in paragraph at lines 442--449
\T1/cmr/m/n/12 choses re-pré-sen-tées, tan-dis que le ^^Speuple^^T
 []


Overfull \hbox (2.65303pt too wide) in paragraph at lines 442--449
\T1/cmr/m/n/12 gissent de lui per-mettre de croire ^^Snaï-
 []


Overfull \hbox (3.66248pt too wide) in paragraph at lines 442--449
\T1/cmr/m/n/12 ve-ment^^T aux choses re-pré-sen-tées. L'es-
 []


Overfull \hbox (17.66324pt too wide) in paragraph at lines 442--449
\T1/cmr/m/n/12 thé-tique pure s'en-ra-cine dans une éthique
 []


Overfull \hbox (7.15607pt too wide) in paragraph at lines 442--449
\T1/cmr/m/n/12 tu-rel et so-cial qui peut prendre la forme
 []


Overfull \hbox (10.61478pt too wide) in paragraph at lines 442--449
\T1/cmr/m/n/12 d'un ag-nos-ti-cisme mo-ral (vi-sible lorsque
 []


Overfull \hbox (11.52856pt too wide) in paragraph at lines 442--449
\T1/cmr/m/n/12 la trans-gres-sion éthique de-vient un parti
 []


Overfull \hbox (10.94124pt too wide) in paragraph at lines 442--449
\T1/cmr/m/n/12 esthé- ti-que-ment des ob-jets quel-conques
 []


Overfull \hbox (4.54553pt too wide) in paragraph at lines 442--449
\T1/cmr/m/n/12 pro-priés, sur-tout à des fins es-thé-tiques,
 []


Overfull \hbox (8.46123pt too wide) in paragraph at lines 442--449
\T1/cmr/m/n/12 laire qui an-nexe l'es-thé-tique à l'éthique.
 []


Overfull \hbox (9.44016pt too wide) in paragraph at lines 442--449
\T1/cmr/m/n/12 sup-posent, les dif-fé-rentes ma-nières, plus
 []


Overfull \hbox (0.82564pt too wide) in paragraph at lines 442--449
\T1/cmr/m/n/12 ou moins dé-ta-chées ou dis-tantes, d'en-
 []


Overfull \hbox (11.33273pt too wide) in paragraph at lines 442--449
\T1/cmr/m/n/12 réa-li-tés qu'elles si-mulent, sont très étroi-
 []


Overfull \hbox (4.34975pt too wide) in paragraph at lines 442--449
\T1/cmr/m/n/12 ma-tions ali-men-taires : l'an-ti-thèse entre
 []


Overfull \hbox (6.96013pt too wide) in paragraph at lines 442--449
\T1/cmr/m/n/12 pour dé-cou-vrir les re-la-tions in-tel-li-gibles
 []


Overfull \hbox (0.10774pt too wide) in paragraph at lines 442--449
\T1/cmr/m/n/12 qui unissent des ^^Schoix^^T en ap-pa-rence
 []


Overfull \hbox (6.11172pt too wide) in paragraph at lines 442--449
\T1/cmr/m/n/12 l'uni-vers des consom-ma-tions or-di-naires
 []


Overfull \hbox (1.15193pt too wide) in paragraph at lines 442--449
\T1/cmr/m/n/12 su-bir aux ob-jets, aux per-sonnes et aux
 []


Overfull \hbox (8.10028pt too wide) in paragraph at lines 442--449
\T1/cmr/m/n/12 rente à une trans-sub-stan-tia-tion. Je n'en
 []


Overfull \hbox (2.58774pt too wide) in paragraph at lines 442--449
\T1/cmr/m/n/12 tels gestes dans des bal-lets leur confère
 []


Overfull \hbox (5.73276pt too wide) in paragraph at lines 442--449
\T1/cmr/m/n/12 2-1 065. VIII La dis-tinc-tion d'être sym-
 []


Overfull \hbox (5.32866pt too wide) in paragraph at lines 442--449
\T1/cmr/m/n/12 sance in-fé-rieure, gros-sière, vul-gaire, vé-
 []


Overfull \hbox (0.56454pt too wide) in paragraph at lines 442--449
\T1/cmr/m/n/12 tion ar-tis-tique sont pré-dis-po-sés à rem-
 []

[15] [16] [17] [18] [19] [20] [21] [22] [23] [24] [25] [26] [27] [28]
<images/pygmees.jpg, id=555, 383.18156pt x 443.40656pt>
File: images/pygmees.jpg Graphic file (type jpg)
<use images/pygmees.jpg>
Package pdftex.def Info: images/pygmees.jpg  used on input line 503.
(pdftex.def)             Requested size: 155.99762pt x 180.51912pt.
 [29 <./images/pygmees.jpg>]
Overfull \hbox (9.68617pt too wide) in paragraph at lines 544--563
 [] 
 []


Underfull \vbox (badness 5217) has occurred while \output is active []

 [30

] [31]
Overfull \hbox (9.7161pt too wide) in paragraph at lines 620--621
[]\T1/cmr/bx/n/12 Richard Hog-gart \T1/cmr/m/n/12 : \T1/cmr/m/it/12 The Uses of Li-te-racy \T1/cmr/m/n/12 (1957)---working-class culture 
 []


Overfull \hbox (23.96855pt too wide) in paragraph at lines 629--646
 [] 
 []

[32] [33] [34] [35

] [36] [37

] (draft.aux)
 ***********
LaTeX2e <2023-11-01> patch level 1
L3 programming layer <2024-01-04>
 ***********


Package rerunfilecheck Warning: File `draft.out' has changed.
(rerunfilecheck)                Rerun to get outlines right
(rerunfilecheck)                or use package `bookmark'.

Package rerunfilecheck Info: Checksums for `draft.out':
(rerunfilecheck)             Before: 76AE972D198538DE32522E1E77B60D3F;13132
(rerunfilecheck)             After:  FFA6DC71AA1CC5B985D73B2A7A2DC3AA;13440.
 ) 
Here is how much of TeX's memory you used:
 12227 strings out of 474485
 200919 string characters out of 5743261
 1990542 words of memory out of 5000000
 34227 multiletter control sequences out of 15000+600000
 572026 words of font info for 61 fonts, out of 8000000 for 9000
 1141 hyphenation exceptions out of 8191
 75i,8n,79p,16847b,984s stack positions out of 10000i,1000n,20000p,200000b,200000s

pdfTeX warning (dest): name{chapter*.72} has been referenced but does not exist, replaced by a fixed one


pdfTeX warning (dest): name{section*.64} has been referenced but does not exist, replaced by a fixed one


pdfTeX warning (dest): name{chapter*.61} has been referenced but does not exist, replaced by a fixed one


pdfTeX warning (dest): name{section*.44} has been referenced but does not exist, replaced by a fixed one


pdfTeX warning (dest): name{chapter*.41} has been referenced but does not exist, replaced by a fixed one

 <C:\Users\HUIWEI\AppData\Local\MiKTeX\fonts/pk/ljfour/jknappen/ec/dpi600\ecxc1440.pk> <C:\Users\HUIWEI\AppData\Local\MiKTeX\fonts/pk/ljfour/jknappen/ec/dpi600\ecrm0800.pk> <C:\Users\HUIWEI\AppData\Local\MiKTeX\fonts/pk/ljfour/jknappen/ec/dpi600\ecbi1200.pk> <C:\Users\HUIWEI\AppData\Local\MiKTeX\fonts/pk/ljfour/jknappen/ec/dpi600\tcrm1200.pk> <C:\Users\HUIWEI\AppData\Local\MiKTeX\fonts/pk/ljfour/jknappen/ec/dpi600\tcti1200.pk> <C:\Users\HUIWEI\AppData\Local\MiKTeX\fonts/pk/ljfour/jknappen/ec/dpi600\ecbx1440.pk> <C:\Users\HUIWEI\AppData\Local\MiKTeX\fonts/pk/ljfour/jknappen/ec/dpi600\ecti1200.pk> <C:\Users\HUIWEI\AppData\Local\MiKTeX\fonts/pk/ljfour/jknappen/ec/dpi600\ecbx1728.pk> <C:\Users\HUIWEI\AppData\Local\MiKTeX\fonts/pk/ljfour/jknappen/ec/dpi600\eccc1200.pk> <C:\Users\HUIWEI\AppData\Local\MiKTeX\fonts/pk/ljfour/jknappen/ec/dpi600\ecsl1200.pk> <C:\Users\HUIWEI\AppData\Local\MiKTeX\fonts/pk/ljfour/jknappen/ec/dpi600\ecrm1200.pk> <C:\Users\HUIWEI\AppData\Local\MiKTeX\fonts/pk/ljfour/jknappen/ec/dpi600\ecbx1200.pk> <C:\Users\HUIWEI\AppData\Local\MiKTeX\fonts/pk/ljfour/jknappen/ec/dpi600\ecbx2488.pk><C:/Users/HUIWEI/AppData/Local/Programs/MiKTeX/fonts/type1/public/amsfonts/cm/cmmi12.pfb><C:/Users/HUIWEI/AppData/Local/Programs/MiKTeX/fonts/type1/public/amsfonts/cm/cmr12.pfb><C:/Users/HUIWEI/AppData/Local/Programs/MiKTeX/fonts/type1/public/amsfonts/cm/cmsy10.pfb>
Output written on draft.pdf (41 pages, 1875372 bytes).
PDF statistics:
 1163 PDF objects out of 1200 (max. 8388607)
 131 named destinations out of 1000 (max. 500000)
 580 words of extra memory for PDF output out of 10000 (max. 10000000)

